2014/08/09 19:50:56 [error] [system.db.CDbCommand] CDbCommand::fetchAll() failed: SQLSTATE[42S02]: Base table or view not found: 1146 Table 'myproperty.tbl_migration' doesn't exist. The SQL statement executed was: SHOW FULL COLUMNS FROM `tbl_migration`.
2014/08/09 19:57:38 [error] [exception.CHttpException.404] exception 'CHttpException' with message 'Unable to resolve the request "properties".' in C:\xampp\htdocs\yii-read-only\framework\web\CWebApplication.php:286
Stack trace:
#0 C:\xampp\htdocs\yii-read-only\framework\web\CWebApplication.php(141): CWebApplication->runController('properties')
#1 C:\xampp\htdocs\yii-read-only\framework\base\CApplication.php(184): CWebApplication->processRequest()
#2 C:\xampp\htdocs\myproperty\index.php(13): CApplication->run()
#3 {main}
REQUEST_URI=/myproperty/properties
HTTP_REFERER=http://localhost/myproperty/
---
2014/08/09 20:17:11 [error] [exception.CHttpException.404] exception 'CHttpException' with message 'Unable to resolve the request "properties".' in C:\xampp\htdocs\yii-read-only\framework\web\CWebApplication.php:286
Stack trace:
#0 C:\xampp\htdocs\yii-read-only\framework\web\CWebApplication.php(141): CWebApplication->runController('properties')
#1 C:\xampp\htdocs\yii-read-only\framework\base\CApplication.php(184): CWebApplication->processRequest()
#2 C:\xampp\htdocs\myproperty\index.php(13): CApplication->run()
#3 {main}
REQUEST_URI=/myproperty/properties
HTTP_REFERER=http://localhost/myproperty/site/index
---
2014/08/09 20:27:25 [error] [php] Missing argument 3 for CActiveForm::dropDownList(), called in C:\xampp\htdocs\myproperty\protected\views\properties\_form.php on line 24 and defined (C:\xampp\htdocs\yii-read-only\framework\web\widgets\CActiveForm.php:909)
Stack trace:
#0 C:\xampp\htdocs\yii-read-only\framework\web\CBaseController.php(95): PropertiesController->renderInternal()
#1 C:\xampp\htdocs\yii-read-only\framework\web\CController.php(869): PropertiesController->renderFile()
#2 C:\xampp\htdocs\myproperty\protected\views\properties\create.php(18): PropertiesController->renderPartial()
#3 C:\xampp\htdocs\yii-read-only\framework\web\CBaseController.php(126): require()
#4 C:\xampp\htdocs\yii-read-only\framework\web\CBaseController.php(95): PropertiesController->renderInternal()
#5 C:\xampp\htdocs\yii-read-only\framework\web\CController.php(869): PropertiesController->renderFile()
#6 C:\xampp\htdocs\yii-read-only\framework\web\CController.php(782): PropertiesController->renderPartial()
#7 C:\xampp\htdocs\myproperty\protected\controllers\PropertiesController.php(83): PropertiesController->render()
#8 C:\xampp\htdocs\yii-read-only\framework\web\actions\CInlineAction.php(49): PropertiesController->actionCreate()
#9 C:\xampp\htdocs\yii-read-only\framework\web\CController.php(308): CInlineAction->runWithParams()
#10 C:\xampp\htdocs\yii-read-only\framework\web\filters\CFilterChain.php(133): PropertiesController->runAction()
#11 C:\xampp\htdocs\yii-read-only\framework\web\filters\CFilter.php(40): CFilterChain->run()
#12 C:\xampp\htdocs\yii-read-only\framework\web\CController.php(1145): CAccessControlFilter->filter()
#13 C:\xampp\htdocs\yii-read-only\framework\web\filters\CInlineFilter.php(58): PropertiesController->filterAccessControl()
#14 C:\xampp\htdocs\yii-read-only\framework\web\filters\CFilterChain.php(130): CInlineFilter->filter()
#15 C:\xampp\htdocs\yii-read-only\framework\web\CController.php(291): CFilterChain->run()
#16 C:\xampp\htdocs\yii-read-only\framework\web\CController.php(265): PropertiesController->runActionWithFilters()
#17 C:\xampp\htdocs\yii-read-only\framework\web\CWebApplication.php(282): PropertiesController->run()
#18 C:\xampp\htdocs\yii-read-only\framework\web\CWebApplication.php(141): CWebApplication->runController()
#19 C:\xampp\htdocs\yii-read-only\framework\base\CApplication.php(184): CWebApplication->processRequest()
#20 C:\xampp\htdocs\myproperty\index.php(13): CWebApplication->run()
REQUEST_URI=/myproperty/properties/create
in C:\xampp\htdocs\myproperty\protected\views\properties\_form.php (24)
in C:\xampp\htdocs\myproperty\protected\views\properties\create.php (18)
in C:\xampp\htdocs\myproperty\protected\controllers\PropertiesController.php (83)
2014/08/09 20:38:48 [error] [php] include(Users.php): failed to open stream: No such file or directory (C:\xampp\htdocs\yii-read-only\framework\YiiBase.php:432)
Stack trace:
#0 C:\xampp\htdocs\yii-read-only\framework\db\ar\CActiveRecord.php(395): spl_autoload_call()
#1 C:\xampp\htdocs\yii-read-only\framework\db\ar\CActiveFinder.php(182): model()
#2 C:\xampp\htdocs\yii-read-only\framework\db\ar\CActiveFinder.php(230): CActiveFinder->getModel()
#3 C:\xampp\htdocs\yii-read-only\framework\db\ar\CActiveFinder.php(48): CActiveFinder->buildJoinTree()
#4 C:\xampp\htdocs\yii-read-only\framework\db\ar\CActiveRecord.php(912): CActiveFinder->__construct()
#5 C:\xampp\htdocs\yii-read-only\framework\db\ar\CActiveRecord.php(280): Properties->getActiveFinder()
#6 C:\xampp\htdocs\yii-read-only\framework\db\ar\CActiveRecord.php(143): Properties->getRelated()
#7 C:\xampp\htdocs\myproperty\protected\views\properties\_view.php(13): Properties->__get()
#8 C:\xampp\htdocs\yii-read-only\framework\web\CBaseController.php(130): require()
#9 C:\xampp\htdocs\yii-read-only\framework\web\CBaseController.php(95): PropertiesController->renderInternal()
#10 C:\xampp\htdocs\yii-read-only\framework\zii\widgets\CListView.php(291): PropertiesController->renderFile()
#11 C:\xampp\htdocs\yii-read-only\framework\zii\widgets\CBaseListView.php(181): CListView->renderItems()
#12 unknown(0): CListView->renderSection()
#13 C:\xampp\htdocs\yii-read-only\framework\zii\widgets\CBaseListView.php(164): preg_replace_callback()
#14 C:\xampp\htdocs\yii-read-only\framework\zii\widgets\CBaseListView.php(149): CListView->renderContent()
#15 C:\xampp\htdocs\yii-read-only\framework\web\CBaseController.php(181): CListView->run()
#16 C:\xampp\htdocs\myproperty\protected\views\properties\index.php(20): PropertiesController->widget()
#17 C:\xampp\htdocs\yii-read-only\framework\web\CBaseController.php(126): require()
#18 C:\xampp\htdocs\yii-read-only\framework\web\CBaseController.php(95): PropertiesController->renderInternal()
#19 C:\xampp\htdocs\yii-read-only\framework\web\CController.php(869): PropertiesController->renderFile()
#20 C:\xampp\htdocs\yii-read-only\framework\web\CController.php(782): PropertiesController->renderPartial()
#21 C:\xampp\htdocs\myproperty\protected\controllers\PropertiesController.php(143): PropertiesController->render()
#22 C:\xampp\htdocs\yii-read-only\framework\web\actions\CInlineAction.php(49): PropertiesController->actionIndex()
#23 C:\xampp\htdocs\yii-read-only\framework\web\CController.php(308): CInlineAction->runWithParams()
#24 C:\xampp\htdocs\yii-read-only\framework\web\filters\CFilterChain.php(133): PropertiesController->runAction()
#25 C:\xampp\htdocs\yii-read-only\framework\web\filters\CFilter.php(40): CFilterChain->run()
#26 C:\xampp\htdocs\yii-read-only\framework\web\CController.php(1145): CAccessControlFilter->filter()
#27 C:\xampp\htdocs\yii-read-only\framework\web\filters\CInlineFilter.php(58): PropertiesController->filterAccessControl()
#28 C:\xampp\htdocs\yii-read-only\framework\web\filters\CFilterChain.php(130): CInlineFilter->filter()
#29 C:\xampp\htdocs\yii-read-only\framework\web\CController.php(291): CFilterChain->run()
#30 C:\xampp\htdocs\yii-read-only\framework\web\CController.php(265): PropertiesController->runActionWithFilters()
#31 C:\xampp\htdocs\yii-read-only\framework\web\CWebApplication.php(282): PropertiesController->run()
#32 C:\xampp\htdocs\yii-read-only\framework\web\CWebApplication.php(141): CWebApplication->runController()
#33 C:\xampp\htdocs\yii-read-only\framework\base\CApplication.php(184): CWebApplication->processRequest()
#34 C:\xampp\htdocs\myproperty\index.php(13): CWebApplication->run()
REQUEST_URI=/myproperty/properties/index
in C:\xampp\htdocs\myproperty\protected\views\properties\_view.php (13)
in C:\xampp\htdocs\myproperty\protected\views\properties\index.php (20)
in C:\xampp\htdocs\myproperty\protected\controllers\PropertiesController.php (143)
2014/08/09 20:39:12 [error] [exception.CException] exception 'CException' with message 'Property "Profile.firstname" is not defined.' in C:\xampp\htdocs\yii-read-only\framework\base\CComponent.php:130
Stack trace:
#0 C:\xampp\htdocs\yii-read-only\framework\db\ar\CActiveRecord.php(145): CComponent->__get('firstname')
#1 C:\xampp\htdocs\myproperty\protected\views\properties\_view.php(13): CActiveRecord->__get('firstname')
#2 C:\xampp\htdocs\yii-read-only\framework\web\CBaseController.php(130): require('C:\\xampp\\htdocs...')
#3 C:\xampp\htdocs\yii-read-only\framework\web\CBaseController.php(95): CBaseController->renderInternal('C:\\xampp\\htdocs...', Array, false)
#4 C:\xampp\htdocs\yii-read-only\framework\zii\widgets\CListView.php(291): CBaseController->renderFile('C:\\xampp\\htdocs...', Array)
#5 C:\xampp\htdocs\yii-read-only\framework\zii\widgets\CBaseListView.php(181): CListView->renderItems()
#6 [internal function]: CBaseListView->renderSection(Array)
#7 C:\xampp\htdocs\yii-read-only\framework\zii\widgets\CBaseListView.php(164): preg_replace_callback('/{(\\w+)}/', Array, '{summary}\n{sort...')
#8 C:\xampp\htdocs\yii-read-only\framework\zii\widgets\CBaseListView.php(149): CBaseListView->renderContent()
#9 C:\xampp\htdocs\yii-read-only\framework\web\CBaseController.php(181): CBaseListView->run()
#10 C:\xampp\htdocs\myproperty\protected\views\properties\index.php(20): CBaseController->widget('zii.widgets.CLi...', Array)
#11 C:\xampp\htdocs\yii-read-only\framework\web\CBaseController.php(126): require('C:\\xampp\\htdocs...')
#12 C:\xampp\htdocs\yii-read-only\framework\web\CBaseController.php(95): CBaseController->renderInternal('C:\\xampp\\htdocs...', Array, true)
#13 C:\xampp\htdocs\yii-read-only\framework\web\CController.php(869): CBaseController->renderFile('C:\\xampp\\htdocs...', Array, true)
#14 C:\xampp\htdocs\yii-read-only\framework\web\CController.php(782): CController->renderPartial('index', Array, true)
#15 C:\xampp\htdocs\myproperty\protected\controllers\PropertiesController.php(143): CController->render('index', Array)
#16 C:\xampp\htdocs\yii-read-only\framework\web\actions\CInlineAction.php(49): PropertiesController->actionIndex()
#17 C:\xampp\htdocs\yii-read-only\framework\web\CController.php(308): CInlineAction->runWithParams(Array)
#18 C:\xampp\htdocs\yii-read-only\framework\web\filters\CFilterChain.php(133): CController->runAction(Object(CInlineAction))
#19 C:\xampp\htdocs\yii-read-only\framework\web\filters\CFilter.php(40): CFilterChain->run()
#20 C:\xampp\htdocs\yii-read-only\framework\web\CController.php(1145): CFilter->filter(Object(CFilterChain))
#21 C:\xampp\htdocs\yii-read-only\framework\web\filters\CInlineFilter.php(58): CController->filterAccessControl(Object(CFilterChain))
#22 C:\xampp\htdocs\yii-read-only\framework\web\filters\CFilterChain.php(130): CInlineFilter->filter(Object(CFilterChain))
#23 C:\xampp\htdocs\yii-read-only\framework\web\CController.php(291): CFilterChain->run()
#24 C:\xampp\htdocs\yii-read-only\framework\web\CController.php(265): CController->runActionWithFilters(Object(CInlineAction), Array)
#25 C:\xampp\htdocs\yii-read-only\framework\web\CWebApplication.php(282): CController->run('index')
#26 C:\xampp\htdocs\yii-read-only\framework\web\CWebApplication.php(141): CWebApplication->runController('properties/inde...')
#27 C:\xampp\htdocs\yii-read-only\framework\base\CApplication.php(184): CWebApplication->processRequest()
#28 C:\xampp\htdocs\myproperty\index.php(13): CApplication->run()
#29 {main}
REQUEST_URI=/myproperty/properties/index
HTTP_REFERER=http://localhost/myproperty/properties/4
---
2014/08/12 15:15:25 [error] [exception.CException] exception 'CException' with message 'Property "Properties.propertyTypes" is not defined.' in C:\xampp\htdocs\yii-read-only\framework\base\CComponent.php:130
Stack trace:
#0 C:\xampp\htdocs\yii-read-only\framework\db\ar\CActiveRecord.php(145): CComponent->__get('propertyTypes')
#1 C:\xampp\htdocs\yii-read-only\framework\base\CComponent.php(612) : eval()'d code(1): CActiveRecord->__get('propertyTypes')
#2 C:\xampp\htdocs\yii-read-only\framework\base\CComponent.php(612): eval()
#3 C:\xampp\htdocs\yii-read-only\framework\zii\widgets\grid\CDataColumn.php(142): CComponent->evaluateExpression('(isset($data->p...', Array)
#4 C:\xampp\htdocs\yii-read-only\framework\zii\widgets\grid\CGridColumn.php(231): CDataColumn->getDataCellContent(0)
#5 C:\xampp\htdocs\yii-read-only\framework\zii\widgets\grid\CGridColumn.php(154): CGridColumn->renderDataCellContent(0, Object(Properties))
#6 C:\xampp\htdocs\yii-read-only\framework\zii\widgets\grid\CGridView.php(622): CGridColumn->renderDataCell(0)
#7 C:\xampp\htdocs\yii-read-only\framework\zii\widgets\grid\CGridView.php(578): CGridView->renderTableRow(0)
#8 C:\xampp\htdocs\yii-read-only\framework\zii\widgets\grid\CGridView.php(488): CGridView->renderTableBody()
#9 C:\xampp\htdocs\yii-read-only\framework\zii\widgets\CBaseListView.php(181): CGridView->renderItems()
#10 [internal function]: CBaseListView->renderSection(Array)
#11 C:\xampp\htdocs\yii-read-only\framework\zii\widgets\CBaseListView.php(164): preg_replace_callback('/{(\\w+)}/', Array, '{summary}\n{item...')
#12 C:\xampp\htdocs\yii-read-only\framework\zii\widgets\CBaseListView.php(149): CBaseListView->renderContent()
#13 C:\xampp\htdocs\yii-read-only\framework\web\CBaseController.php(181): CBaseListView->run()
#14 C:\xampp\htdocs\myproperty\protected\views\properties\admin.php(71): CBaseController->widget('zii.widgets.gri...', Array)
#15 C:\xampp\htdocs\yii-read-only\framework\web\CBaseController.php(126): require('C:\\xampp\\htdocs...')
#16 C:\xampp\htdocs\yii-read-only\framework\web\CBaseController.php(95): CBaseController->renderInternal('C:\\xampp\\htdocs...', Array, true)
#17 C:\xampp\htdocs\yii-read-only\framework\web\CController.php(869): CBaseController->renderFile('C:\\xampp\\htdocs...', Array, true)
#18 C:\xampp\htdocs\yii-read-only\framework\web\CController.php(782): CController->renderPartial('admin', Array, true)
#19 C:\xampp\htdocs\myproperty\protected\controllers\PropertiesController.php(158): CController->render('admin', Array)
#20 C:\xampp\htdocs\yii-read-only\framework\web\actions\CInlineAction.php(49): PropertiesController->actionAdmin()
#21 C:\xampp\htdocs\yii-read-only\framework\web\CController.php(308): CInlineAction->runWithParams(Array)
#22 C:\xampp\htdocs\yii-read-only\framework\web\filters\CFilterChain.php(133): CController->runAction(Object(CInlineAction))
#23 C:\xampp\htdocs\yii-read-only\framework\web\filters\CFilter.php(40): CFilterChain->run()
#24 C:\xampp\htdocs\yii-read-only\framework\web\CController.php(1145): CFilter->filter(Object(CFilterChain))
#25 C:\xampp\htdocs\yii-read-only\framework\web\filters\CInlineFilter.php(58): CController->filterAccessControl(Object(CFilterChain))
#26 C:\xampp\htdocs\yii-read-only\framework\web\filters\CFilterChain.php(130): CInlineFilter->filter(Object(CFilterChain))
#27 C:\xampp\htdocs\yii-read-only\framework\web\CController.php(291): CFilterChain->run()
#28 C:\xampp\htdocs\yii-read-only\framework\web\CController.php(265): CController->runActionWithFilters(Object(CInlineAction), Array)
#29 C:\xampp\htdocs\yii-read-only\framework\web\CWebApplication.php(282): CController->run('admin')
#30 C:\xampp\htdocs\yii-read-only\framework\web\CWebApplication.php(141): CWebApplication->runController('properties/admi...')
#31 C:\xampp\htdocs\yii-read-only\framework\base\CApplication.php(184): CWebApplication->processRequest()
#32 C:\xampp\htdocs\myproperty\index.php(13): CApplication->run()
#33 {main}
REQUEST_URI=/myproperty/properties/admin
HTTP_REFERER=http://localhost/myproperty/properties/4
---
2014/08/12 15:20:44 [error] [exception.CHttpException.404] exception 'CHttpException' with message 'Unable to resolve the request "propertyTenants/id".' in C:\xampp\htdocs\yii-read-only\framework\web\CWebApplication.php:286
Stack trace:
#0 C:\xampp\htdocs\yii-read-only\framework\web\CWebApplication.php(141): CWebApplication->runController('propertyTenants...')
#1 C:\xampp\htdocs\yii-read-only\framework\base\CApplication.php(184): CWebApplication->processRequest()
#2 C:\xampp\htdocs\myproperty\index.php(13): CApplication->run()
#3 {main}
REQUEST_URI=/myproperty/propertyTenants/id/4
HTTP_REFERER=http://localhost/myproperty/properties/4
---
2014/08/12 15:21:40 [error] [exception.CHttpException.404] exception 'CHttpException' with message 'The system is unable to find the requested action "id".' in C:\xampp\htdocs\yii-read-only\framework\web\CController.php:483
Stack trace:
#0 C:\xampp\htdocs\yii-read-only\framework\web\CController.php(270): CController->missingAction('id')
#1 C:\xampp\htdocs\yii-read-only\framework\web\CWebApplication.php(282): CController->run('id')
#2 C:\xampp\htdocs\yii-read-only\framework\web\CWebApplication.php(141): CWebApplication->runController('propertyTenants...')
#3 C:\xampp\htdocs\yii-read-only\framework\base\CApplication.php(184): CWebApplication->processRequest()
#4 C:\xampp\htdocs\myproperty\index.php(13): CApplication->run()
#5 {main}
REQUEST_URI=/myproperty/propertyTenants/id/4
HTTP_REFERER=http://localhost/myproperty/properties/4
---
2014/08/12 15:23:20 [error] [exception.CHttpException.404] exception 'CHttpException' with message 'The system is unable to find the requested action "id".' in C:\xampp\htdocs\yii-read-only\framework\web\CController.php:483
Stack trace:
#0 C:\xampp\htdocs\yii-read-only\framework\web\CController.php(270): CController->missingAction('id')
#1 C:\xampp\htdocs\yii-read-only\framework\web\CWebApplication.php(282): CController->run('id')
#2 C:\xampp\htdocs\yii-read-only\framework\web\CWebApplication.php(141): CWebApplication->runController('propertyTenants...')
#3 C:\xampp\htdocs\yii-read-only\framework\base\CApplication.php(184): CWebApplication->processRequest()
#4 C:\xampp\htdocs\myproperty\index.php(13): CApplication->run()
#5 {main}
REQUEST_URI=/myproperty/propertyTenants/id/4
HTTP_REFERER=http://localhost/myproperty/properties/4
---
2014/08/12 17:11:58 [error] [exception.CHttpException.404] exception 'CHttpException' with message 'Unable to resolve the request "payBills/index".' in C:\xampp\htdocs\yii-read-only\framework\web\CWebApplication.php:286
Stack trace:
#0 C:\xampp\htdocs\yii-read-only\framework\web\CWebApplication.php(141): CWebApplication->runController('payBills/index')
#1 C:\xampp\htdocs\yii-read-only\framework\base\CApplication.php(184): CWebApplication->processRequest()
#2 C:\xampp\htdocs\myproperty\index.php(13): CApplication->run()
#3 {main}
REQUEST_URI=/myproperty/payBills/index/1
HTTP_REFERER=http://localhost/myproperty/bills/1
---
